This is pdfTeX, Version 3.141592653-2.6-1.40.23 (MiKTeX 21.8) (preloaded format=pdflatex 2021.12.5)  30 JAN 2022 19:12
entering extended mode
**./template_Article.tex
(template_Article.tex
LaTeX2e <2021-06-01> patch level 1
L3 programming layer <2021-08-27> (llncs.cls
Document Class: llncs 2013/09/27 v2.18 
 LaTeX document class for Lecture Notes in Computer Science
(C:\Users\Propia\AppData\Local\Programs\MiKTeX\tex/latex/base\article.cls
Document Class: article 2021/02/12 v1.4n Standard LaTeX document class
(C:\Users\Propia\AppData\Local\Programs\MiKTeX\tex/latex/base\size10.clo
File: size10.clo 2021/02/12 v1.4n Standard LaTeX file (size option)
)
\c@part=\count182
\c@section=\count183
\c@subsection=\count184
\c@subsubsection=\count185
\c@paragraph=\count186
\c@subparagraph=\count187
\c@figure=\count188
\c@table=\count189
\abovecaptionskip=\skip47
\belowcaptionskip=\skip48
\bibindent=\dimen138
)
(C:\Users\Propia\AppData\Local\Programs\MiKTeX\tex/latex/tools\multicol.sty
Package: multicol 2019/12/09 v1.8y multicolumn formatting (FMi)
\c@tracingmulticols=\count190
\mult@box=\box50
\multicol@leftmargin=\dimen139
\c@unbalance=\count191
\c@collectmore=\count192
\doublecol@number=\count193
\multicoltolerance=\count194
\multicolpretolerance=\count195
\full@width=\dimen140
\page@free=\dimen141
\premulticols=\dimen142
\postmulticols=\dimen143
\multicolsep=\skip49
\multicolbaselineskip=\skip50
\partial@page=\box51
\last@line=\box52
\maxbalancingoverflow=\dimen144
\mult@rightbox=\box53
\mult@grightbox=\box54
\mult@gfirstbox=\box55
\mult@firstbox=\box56
\@tempa=\box57
\@tempa=\box58
\@tempa=\box59
\@tempa=\box60
\@tempa=\box61
\@tempa=\box62
\@tempa=\box63
\@tempa=\box64
\@tempa=\box65
\@tempa=\box66
\@tempa=\box67
\@tempa=\box68
\@tempa=\box69
\@tempa=\box70
\@tempa=\box71
\@tempa=\box72
\@tempa=\box73
\@tempa=\box74
\@tempa=\box75
\@tempa=\box76
\@tempa=\box77
\@tempa=\box78
\@tempa=\box79
\@tempa=\box80
\@tempa=\box81
\@tempa=\box82
\@tempa=\box83
\@tempa=\box84
\@tempa=\box85
\@tempa=\box86
\@tempa=\box87
\@tempa=\box88
\@tempa=\box89
\@tempa=\box90
\@tempa=\box91
\@tempa=\box92
\@tempa=\box93
\c@minrows=\count196
\c@columnbadness=\count197
\c@finalcolumnbadness=\count198
\last@try=\dimen145
\multicolovershoot=\dimen146
\multicolundershoot=\dimen147
\mult@nat@firstbox=\box94
\colbreak@box=\box95
\mc@col@check@num=\count199
)
(C:\Users\Propia\AppData\Local\Programs\MiKTeX\tex/latex/oberdiek\aliascnt.sty
Package: aliascnt 2018/09/07 v1.5 Alias counters (HO)
)
\c@chapter=\count266
LaTeX Font Info:    Redeclaring math symbol \Gamma on input line 362.
LaTeX Font Info:    Redeclaring math symbol \Delta on input line 363.
LaTeX Font Info:    Redeclaring math symbol \Theta on input line 364.
LaTeX Font Info:    Redeclaring math symbol \Lambda on input line 365.
LaTeX Font Info:    Redeclaring math symbol \Xi on input line 366.
LaTeX Font Info:    Redeclaring math symbol \Pi on input line 367.
LaTeX Font Info:    Redeclaring math symbol \Sigma on input line 368.
LaTeX Font Info:    Redeclaring math symbol \Upsilon on input line 369.
LaTeX Font Info:    Redeclaring math symbol \Phi on input line 370.
LaTeX Font Info:    Redeclaring math symbol \Psi on input line 371.
LaTeX Font Info:    Redeclaring math symbol \Omega on input line 372.
\tocchpnum=\dimen148
\tocsecnum=\dimen149
\tocsectotal=\dimen150
\tocsubsecnum=\dimen151
\tocsubsectotal=\dimen152
\tocsubsubsecnum=\dimen153
\tocsubsubsectotal=\dimen154
\tocparanum=\dimen155
\tocparatotal=\dimen156
\tocsubparanum=\dimen157
\@tempcntc=\count267
\fnindent=\dimen158
\c@@inst=\count268
\c@@auth=\count269
\c@auco=\count270
\instindent=\dimen159
\authrun=\box96
\authorrunning=\toks16
\tocauthor=\toks17
\titrun=\box97
\titlerunning=\toks18
\toctitle=\toks19
\c@theorem=\count271
\c@case=\count272
\c@conjecture=\count273
\c@corollary=\count274
\c@definition=\count275
\c@example=\count276
\c@exercise=\count277
\c@lemma=\count278
\c@note=\count279
\c@problem=\count280
\c@property=\count281
\c@proposition=\count282
\c@question=\count283
\c@solution=\count284
\c@remark=\count285
\headlineindent=\dimen160
) (C:\Users\Propia\AppData\Local\Programs\MiKTeX\tex/latex/base\makeidx.sty
Package: makeidx 2014/09/29 v1.0m Standard LaTeX package
)
(C:\Users\Propia\AppData\Local\Programs\MiKTeX\tex/latex/amsmath\amsmath.sty
Package: amsmath 2021/04/20 v2.17j AMS math features
\@mathmargin=\skip51

For additional information on amsmath, use the `?' option.
(C:\Users\Propia\AppData\Local\Programs\MiKTeX\tex/latex/amsmath\amstext.sty
Package: amstext 2000/06/29 v2.01 AMS text

(C:\Users\Propia\AppData\Local\Programs\MiKTeX\tex/latex/amsmath\amsgen.sty
File: amsgen.sty 1999/11/30 v2.0 generic functions
\@emptytoks=\toks20
\ex@=\dimen161
))
(C:\Users\Propia\AppData\Local\Programs\MiKTeX\tex/latex/amsmath\amsbsy.sty
Package: amsbsy 1999/11/29 v1.2d Bold Symbols
\pmbraise@=\dimen162
)
(C:\Users\Propia\AppData\Local\Programs\MiKTeX\tex/latex/amsmath\amsopn.sty
Package: amsopn 2016/03/08 v2.02 operator names
)
\inf@bad=\count286
LaTeX Info: Redefining \frac on input line 234.
\uproot@=\count287
\leftroot@=\count288
LaTeX Info: Redefining \overline on input line 399.
\classnum@=\count289
\DOTSCASE@=\count290
LaTeX Info: Redefining \ldots on input line 496.
LaTeX Info: Redefining \dots on input line 499.
LaTeX Info: Redefining \cdots on input line 620.
\Mathstrutbox@=\box98
\strutbox@=\box99
\big@size=\dimen163
LaTeX Font Info:    Redeclaring font encoding OML on input line 743.
LaTeX Font Info:    Redeclaring font encoding OMS on input line 744.
\macc@depth=\count291
\c@MaxMatrixCols=\count292
\dotsspace@=\muskip16
\c@parentequation=\count293
\dspbrk@lvl=\count294
\tag@help=\toks21
\row@=\count295
\column@=\count296
\maxfields@=\count297
\andhelp@=\toks22
\eqnshift@=\dimen164
\alignsep@=\dimen165
\tagshift@=\dimen166
\tagwidth@=\dimen167
\totwidth@=\dimen168
\lineht@=\dimen169
\@envbody=\toks23
\multlinegap=\skip52
\multlinetaggap=\skip53
\mathdisplay@stack=\toks24
LaTeX Info: Redefining \[ on input line 2923.
LaTeX Info: Redefining \] on input line 2924.
)
(C:\Users\Propia\AppData\Local\Programs\MiKTeX\tex/latex/amsfonts\amsfonts.sty
Package: amsfonts 2013/01/14 v3.01 Basic AMSFonts support
\symAMSa=\mathgroup4
\symAMSb=\mathgroup5
LaTeX Font Info:    Redeclaring math symbol \hbar on input line 98.
LaTeX Font Info:    Overwriting math alphabet `\mathfrak' in version `bold'
(Font)                  U/euf/m/n --> U/euf/b/n on input line 106.
) (C:\Users\Propia\AppData\Local\Programs\MiKTeX\tex/latex/amsfonts\amssymb.sty
Package: amssymb 2013/01/14 v3.01 AMS font symbols
) (C:\Users\Propia\AppData\Local\Programs\MiKTeX\tex/generic/babel\babel.sty
Package: babel 2021/07/22 3.63 The Babel package

(C:\Users\Propia\AppData\Local\Programs\MiKTeX\tex/generic/babel\babel.def
File: babel.def 2021/07/22 3.63 Babel common definitions
\babel@savecnt=\count298
\U@D=\dimen170
\l@unhyphenated=\language79

(C:\Users\Propia\AppData\Local\Programs\MiKTeX\tex/generic/babel\txtbabel.def)
\bbl@readstream=\read2
)
\bbl@dirlevel=\count299
*************************************
* Local config file bblopts.cfg used
*
(C:\Users\Propia\AppData\Local\Programs\MiKTeX\tex/latex/arabi\bblopts.cfg
File: bblopts.cfg 2005/09/08 v0.1 add Arabic and Farsi to "declared" options of
 babel
)
(C:\Users\Propia\AppData\Local\Programs\MiKTeX\tex/latex/babel-spanish\spanish.
ldf
Language: spanish.ldf 2021/05/27 v5.0q Spanish support from the babel system
\es@quottoks=\toks25
\es@quotdepth=\count300
Package babel Info: Making " an active character on input line 570.
Package babel Info: Making . an active character on input line 675.
Package babel Info: Making < an active character on input line 722.
Package babel Info: Making > an active character on input line 722.
))
(C:\Users\Propia\AppData\Local\Programs\MiKTeX\tex/latex/graphics\graphicx.sty
Package: graphicx 2020/12/05 v1.2c Enhanced LaTeX Graphics (DPC,SPQR)

(C:\Users\Propia\AppData\Local\Programs\MiKTeX\tex/latex/graphics\keyval.sty
Package: keyval 2014/10/28 v1.15 key=value parser (DPC)
\KV@toks@=\toks26
)
(C:\Users\Propia\AppData\Local\Programs\MiKTeX\tex/latex/graphics\graphics.sty
Package: graphics 2021/03/04 v1.4d Standard LaTeX Graphics (DPC,SPQR)

(C:\Users\Propia\AppData\Local\Programs\MiKTeX\tex/latex/graphics\trig.sty
Package: trig 2016/01/03 v1.10 sin cos tan (DPC)
)
(C:\Users\Propia\AppData\Local\Programs\MiKTeX\tex/latex/graphics-cfg\graphics.
cfg
File: graphics.cfg 2016/06/04 v1.11 sample graphics configuration
)
Package graphics Info: Driver file: pdftex.def on input line 107.

(C:\Users\Propia\AppData\Local\Programs\MiKTeX\tex/latex/graphics-def\pdftex.de
f
File: pdftex.def 2020/10/05 v1.2a Graphics/color driver for pdftex
))
\Gin@req@height=\dimen171
\Gin@req@width=\dimen172
)
(C:\Users\Propia\AppData\Local\Programs\MiKTeX\tex/latex/l3backend\l3backend-pd
ftex.def
File: l3backend-pdftex.def 2021-08-04 L3 backend support: PDF output (pdfTeX)
\l__color_backend_stack_int=\count301
\l__pdf_internal_box=\box100
) (template_Article.aux
LaTeX Info: Redefining \. on input line 8.
LaTeX Info: Redefining \% on input line 8.
)
\openout1 = `template_Article.aux'.

LaTeX Font Info:    Checking defaults for OML/cmm/m/it on input line 13.
LaTeX Font Info:    ... okay on input line 13.
LaTeX Font Info:    Checking defaults for OMS/cmsy/m/n on input line 13.
LaTeX Font Info:    ... okay on input line 13.
LaTeX Font Info:    Checking defaults for OT1/cmr/m/n on input line 13.
LaTeX Font Info:    ... okay on input line 13.
LaTeX Font Info:    Checking defaults for T1/cmr/m/n on input line 13.
LaTeX Font Info:    ... okay on input line 13.
LaTeX Font Info:    Checking defaults for TS1/cmr/m/n on input line 13.
LaTeX Font Info:    ... okay on input line 13.
LaTeX Font Info:    Checking defaults for OMX/cmex/m/n on input line 13.
LaTeX Font Info:    ... okay on input line 13.
LaTeX Font Info:    Checking defaults for U/cmr/m/n on input line 13.
LaTeX Font Info:    ... okay on input line 13.
LaTeX Info: Redefining \. on input line 13.
LaTeX Info: Redefining \% on input line 13.

(C:\Users\Propia\AppData\Local\Programs\MiKTeX\tex/context/base/mkii\supp-pdf.m
kii
[Loading MPS to PDF converter (version 2006.09.02).]
\scratchcounter=\count302
\scratchdimen=\dimen173
\scratchbox=\box101
\nofMPsegments=\count303
\nofMParguments=\count304
\everyMPshowfont=\toks27
\MPscratchCnt=\count305
\MPscratchDim=\dimen174
\MPnumerator=\count306
\makeMPintoPDFobject=\count307
\everyMPtoPDFconversion=\toks28
)
(C:\Users\Propia\AppData\Local\Programs\MiKTeX\tex/latex/epstopdf-pkg\epstopdf-
base.sty
Package: epstopdf-base 2020-01-24 v2.11 Base part for package epstopdf
Package epstopdf-base Info: Redefining graphics rule for `.eps' on input line 4
85.

(C:\Users\Propia\AppData\Local\Programs\MiKTeX\tex/latex/00miktex\epstopdf-sys.
cfg
File: epstopdf-sys.cfg 2021/03/18 v2.0 Configuration of epstopdf for MiKTeX
))
LaTeX Font Info:    Trying to load font information for U+msa on input line 15.

 (C:\Users\Propia\AppData\Local\Programs\MiKTeX\tex/latex/amsfonts\umsa.fd
File: umsa.fd 2013/01/14 v3.01 AMS symbols A
)
LaTeX Font Info:    Trying to load font information for U+msb on input line 15.

 (C:\Users\Propia\AppData\Local\Programs\MiKTeX\tex/latex/amsfonts\umsb.fd
File: umsb.fd 2013/01/14 v3.01 AMS symbols B
)
[1

{C:/Users/Propia/AppData/Local/MiKTeX/pdftex/config/pdftex.map}]
Underfull \hbox (badness 10000) in paragraph at lines 19--29

 []


Underfull \hbox (badness 10000) in paragraph at lines 19--29

 []


Underfull \hbox (badness 10000) in paragraph at lines 19--29

 []


Underfull \hbox (badness 10000) in paragraph at lines 32--36

 []


Overfull \hbox (81.98457pt too wide) in paragraph at lines 37--56
[][] 
 []


Underfull \hbox (badness 10000) in paragraph at lines 37--56

 []


Underfull \hbox (badness 10000) in paragraph at lines 37--56

 []


Underfull \vbox (badness 7451) has occurred while \output is active []

 [2]
Underfull \hbox (badness 10000) in paragraph at lines 60--67

 []


Underfull \hbox (badness 10000) in paragraph at lines 60--67

 []


Underfull \hbox (badness 10000) in paragraph at lines 68--78

 []


Underfull \hbox (badness 10000) in paragraph at lines 68--78

 []


Underfull \hbox (badness 10000) in paragraph at lines 68--78

 []


Underfull \hbox (badness 10000) in paragraph at lines 81--106

 []


Underfull \hbox (badness 10000) in paragraph at lines 81--106

 []


Underfull \hbox (badness 10000) in paragraph at lines 81--106

 []


Underfull \hbox (badness 10000) in paragraph at lines 81--106

 []


Underfull \hbox (badness 10000) in paragraph at lines 81--106

 []


Underfull \hbox (badness 10000) in paragraph at lines 81--106

 []


Underfull \hbox (badness 10000) in paragraph at lines 81--106

 []


Underfull \hbox (badness 10000) in paragraph at lines 81--106

 []

[3]
Underfull \hbox (badness 10000) in paragraph at lines 109--134

 []


Underfull \hbox (badness 10000) in paragraph at lines 109--134

 []


Underfull \hbox (badness 10000) in paragraph at lines 109--134

 []


Underfull \hbox (badness 10000) in paragraph at lines 109--134

 []


Underfull \hbox (badness 10000) in paragraph at lines 109--134

 []


Underfull \hbox (badness 10000) in paragraph at lines 109--134

 []


Underfull \hbox (badness 10000) in paragraph at lines 109--134

 []


Underfull \hbox (badness 10000) in paragraph at lines 109--134

 []

[4]
Underfull \hbox (badness 10000) in paragraph at lines 136--161

 []


Underfull \hbox (badness 10000) in paragraph at lines 136--161

 []


Underfull \hbox (badness 10000) in paragraph at lines 136--161

 []


Underfull \hbox (badness 10000) in paragraph at lines 136--161

 []


Underfull \hbox (badness 10000) in paragraph at lines 136--161

 []


Underfull \hbox (badness 10000) in paragraph at lines 136--161

 []


Underfull \hbox (badness 10000) in paragraph at lines 136--161

 []


Underfull \hbox (badness 10000) in paragraph at lines 136--161

 []


Underfull \hbox (badness 10000) in paragraph at lines 163--200

 []


Underfull \hbox (badness 10000) in paragraph at lines 163--200

 []


Underfull \hbox (badness 10000) in paragraph at lines 163--200

 []


Underfull \hbox (badness 10000) in paragraph at lines 163--200

 []


Underfull \hbox (badness 10000) in paragraph at lines 163--200

 []


Underfull \hbox (badness 10000) in paragraph at lines 163--200

 []


Underfull \hbox (badness 10000) in paragraph at lines 163--200

 []


Underfull \hbox (badness 10000) in paragraph at lines 163--200

 []


Underfull \hbox (badness 10000) in paragraph at lines 163--200

 []


Underfull \hbox (badness 10000) in paragraph at lines 163--200

 []


Underfull \hbox (badness 10000) in paragraph at lines 163--200

 []


Underfull \hbox (badness 10000) in paragraph at lines 163--200

 []


Underfull \vbox (badness 10000) has occurred while \output is active []

 [5]
[6]
Underfull \hbox (badness 10000) in paragraph at lines 204--215

 []


Underfull \hbox (badness 10000) in paragraph at lines 204--215

 []

[7]
<Imagenes/modelo1-Guia.png, id=34, 592.46344pt x 504.38437pt>
File: Imagenes/modelo1-Guia.png Graphic file (type png)
<use Imagenes/modelo1-Guia.png>
Package pdftex.def Info: Imagenes/modelo1-Guia.png  used on input line 220.
(pdftex.def)             Requested size: 242.98541pt x 206.86049pt.

Underfull \hbox (badness 10000) in paragraph at lines 224--237

 []


Underfull \hbox (badness 10000) in paragraph at lines 224--237

 []


Underfull \hbox (badness 10000) in paragraph at lines 224--237

 []


Underfull \hbox (badness 10000) in paragraph at lines 224--237

 []

[8 <./Imagenes/modelo1-Guia.png>]
<Imagenes/modelo2-Guia.png, id=38, 593.96906pt x 503.63156pt>
File: Imagenes/modelo2-Guia.png Graphic file (type png)
<use Imagenes/modelo2-Guia.png>
Package pdftex.def Info: Imagenes/modelo2-Guia.png  used on input line 241.
(pdftex.def)             Requested size: 242.98541pt x 206.02919pt.

Underfull \hbox (badness 10000) in paragraph at lines 245--249

 []

[9 <./Imagenes/modelo2-Guia.png>]
Underfull \hbox (badness 10000) in paragraph at lines 253--257

 []


Underfull \hbox (badness 10000) in paragraph at lines 265--278

 []


Underfull \hbox (badness 10000) in paragraph at lines 265--278

 []


Underfull \hbox (badness 10000) in paragraph at lines 280--296

 []


Underfull \hbox (badness 10000) in paragraph at lines 280--296

 []


Underfull \hbox (badness 10000) in paragraph at lines 280--296

 []


Underfull \hbox (badness 10000) in paragraph at lines 298--314

 []


Underfull \hbox (badness 10000) in paragraph at lines 298--314

 []


Underfull \hbox (badness 10000) in paragraph at lines 298--314

 []

[10]
Underfull \hbox (badness 10000) in paragraph at lines 316--328

 []


Underfull \hbox (badness 10000) in paragraph at lines 330--336

 []


Underfull \hbox (badness 10000) in paragraph at lines 338--351

 []


Underfull \hbox (badness 10000) in paragraph at lines 338--351

 []


Underfull \hbox (badness 10000) in paragraph at lines 338--351

 []


Underfull \hbox (badness 10000) in paragraph at lines 338--351

 []

[11]
Underfull \hbox (badness 10000) in paragraph at lines 358--378

 []


Underfull \hbox (badness 10000) in paragraph at lines 358--378

 []


Underfull \hbox (badness 10000) in paragraph at lines 358--378

 []


Underfull \hbox (badness 10000) in paragraph at lines 379--383

 []

<Imagenes/aplicacion/web1.png, id=48, 1371.1225pt x 770.88pt>
File: Imagenes/aplicacion/web1.png Graphic file (type png)
<use Imagenes/aplicacion/web1.png>
Package pdftex.def Info: Imagenes/aplicacion/web1.png  used on input line 386.
(pdftex.def)             Requested size: 242.98541pt x 136.6116pt.

Underfull \hbox (badness 10000) in paragraph at lines 390--394

 []

[12]
<Imagenes/aplicacion/web2.png, id=53, 1371.1225pt x 770.88pt>
File: Imagenes/aplicacion/web2.png Graphic file (type png)
<use Imagenes/aplicacion/web2.png>
Package pdftex.def Info: Imagenes/aplicacion/web2.png  used on input line 397.
(pdftex.def)             Requested size: 242.98541pt x 136.6116pt.
<Imagenes/aplicacion/web3.png, id=54, 1371.1225pt x 770.88pt>
File: Imagenes/aplicacion/web3.png Graphic file (type png)
<use Imagenes/aplicacion/web3.png>
Package pdftex.def Info: Imagenes/aplicacion/web3.png  used on input line 402.
(pdftex.def)             Requested size: 242.98541pt x 136.6116pt.
<Imagenes/aplicacion/web4.png, id=55, 1371.1225pt x 770.88pt>
File: Imagenes/aplicacion/web4.png Graphic file (type png)
<use Imagenes/aplicacion/web4.png>
Package pdftex.def Info: Imagenes/aplicacion/web4.png  used on input line 407.
(pdftex.def)             Requested size: 242.98541pt x 136.6116pt.
File: Imagenes/aplicacion/web1.png Graphic file (type png)
<use Imagenes/aplicacion/web1.png>
Package pdftex.def Info: Imagenes/aplicacion/web1.png  used on input line 414.
(pdftex.def)             Requested size: 242.98541pt x 136.6116pt.
<Imagenes/aplicacion/web5.png, id=56, 1371.1225pt x 770.88pt>
File: Imagenes/aplicacion/web5.png Graphic file (type png)
<use Imagenes/aplicacion/web5.png>
Package pdftex.def Info: Imagenes/aplicacion/web5.png  used on input line 422.
(pdftex.def)             Requested size: 242.98541pt x 136.6116pt.
<Imagenes/aplicacion/web6.png, id=57, 1371.1225pt x 770.88pt>
File: Imagenes/aplicacion/web6.png Graphic file (type png)
<use Imagenes/aplicacion/web6.png>
Package pdftex.def Info: Imagenes/aplicacion/web6.png  used on input line 430.
(pdftex.def)             Requested size: 242.98541pt x 136.6116pt.
<Imagenes/aplicacion/web7.png, id=58, 1371.1225pt x 770.88pt>
File: Imagenes/aplicacion/web7.png Graphic file (type png)
<use Imagenes/aplicacion/web7.png>
Package pdftex.def Info: Imagenes/aplicacion/web7.png  used on input line 435.
(pdftex.def)             Requested size: 242.98541pt x 136.6116pt.
<Imagenes/aplicacion/web8.png, id=59, 1371.1225pt x 770.88pt>
File: Imagenes/aplicacion/web8.png Graphic file (type png)
<use Imagenes/aplicacion/web8.png>
Package pdftex.def Info: Imagenes/aplicacion/web8.png  used on input line 443.
(pdftex.def)             Requested size: 242.98541pt x 136.6116pt.
<Imagenes/aplicacion/web9.png, id=60, 1371.1225pt x 770.88pt>
File: Imagenes/aplicacion/web9.png Graphic file (type png)
<use Imagenes/aplicacion/web9.png>
Package pdftex.def Info: Imagenes/aplicacion/web9.png  used on input line 448.
(pdftex.def)             Requested size: 242.98541pt x 136.6116pt.
<Imagenes/aplicacion/web10.png, id=61, 1371.1225pt x 770.88pt>
File: Imagenes/aplicacion/web10.png Graphic file (type png)
<use Imagenes/aplicacion/web10.png>
Package pdftex.def Info: Imagenes/aplicacion/web10.png  used on input line 453.

(pdftex.def)             Requested size: 242.98541pt x 136.6116pt.

Underfull \hbox (badness 10000) in paragraph at lines 457--461

 []

[13 <./Imagenes/aplicacion/web1.png> <./Imagenes/aplicacion/web2.png>] [14 <./I
magenes/aplicacion/web3.png> <./Imagenes/aplicacion/web4.png>] [15 <./Imagenes/
aplicacion/web5.png> <./Imagenes/aplicacion/web6.png> <./Imagenes/aplicacion/we
b7.png>] [16 <./Imagenes/aplicacion/web8.png> <./Imagenes/aplicacion/web9.png> 
<./Imagenes/aplicacion/web10.png>]
<Imagenes/aplicacion/web11.png, id=85, 1371.1225pt x 770.88pt>
File: Imagenes/aplicacion/web11.png Graphic file (type png)
<use Imagenes/aplicacion/web11.png>
Package pdftex.def Info: Imagenes/aplicacion/web11.png  used on input line 464.

(pdftex.def)             Requested size: 242.98541pt x 136.6116pt.
<Imagenes/aplicacion/web12.png, id=86, 1371.1225pt x 770.88pt>
File: Imagenes/aplicacion/web12.png Graphic file (type png)
<use Imagenes/aplicacion/web12.png>
Package pdftex.def Info: Imagenes/aplicacion/web12.png  used on input line 472.

(pdftex.def)             Requested size: 242.98541pt x 136.6116pt.
<Imagenes/aplicacion/web13.png, id=87, 1371.1225pt x 770.88pt>
File: Imagenes/aplicacion/web13.png Graphic file (type png)
<use Imagenes/aplicacion/web13.png>
Package pdftex.def Info: Imagenes/aplicacion/web13.png  used on input line 477.

(pdftex.def)             Requested size: 242.98541pt x 136.6116pt.
<Imagenes/aplicacion/web14.png, id=88, 1371.1225pt x 770.88pt>
File: Imagenes/aplicacion/web14.png Graphic file (type png)
<use Imagenes/aplicacion/web14.png>
Package pdftex.def Info: Imagenes/aplicacion/web14.png  used on input line 482.

(pdftex.def)             Requested size: 242.98541pt x 136.6116pt.

Underfull \hbox (badness 10000) in paragraph at lines 486--490

 []

<Imagenes/aplicacion/modelo1analizar.png, id=89, 1125.003pt x 544.434pt>
File: Imagenes/aplicacion/modelo1analizar.png Graphic file (type png)
<use Imagenes/aplicacion/modelo1analizar.png>
Package pdftex.def Info: Imagenes/aplicacion/modelo1analizar.png  used on input
 line 493.
(pdftex.def)             Requested size: 242.98541pt x 117.58269pt.

Underfull \hbox (badness 10000) in paragraph at lines 497--501

 []

[17 <./Imagenes/aplicacion/web11.png> <./Imagenes/aplicacion/web12.png>]
[18 <./Imagenes/aplicacion/web13.png> <./Imagenes/aplicacion/web14.png> <./Imag
enes/aplicacion/modelo1analizar.png (PNG copy)>]
<Imagenes/Codigo-Aplicacion/1.png, id=100, 1371.1225pt x 770.88pt>
File: Imagenes/Codigo-Aplicacion/1.png Graphic file (type png)
<use Imagenes/Codigo-Aplicacion/1.png>
Package pdftex.def Info: Imagenes/Codigo-Aplicacion/1.png  used on input line 5
08.
(pdftex.def)             Requested size: 242.98541pt x 136.6116pt.

Underfull \hbox (badness 10000) in paragraph at lines 505--518

 []


Underfull \hbox (badness 10000) in paragraph at lines 505--518

 []

<Imagenes/Codigo-Aplicacion/2.png, id=101, 1371.1225pt x 770.88pt>
File: Imagenes/Codigo-Aplicacion/2.png Graphic file (type png)
<use Imagenes/Codigo-Aplicacion/2.png>
Package pdftex.def Info: Imagenes/Codigo-Aplicacion/2.png  used on input line 5
21.
(pdftex.def)             Requested size: 242.98541pt x 136.6116pt.
<Imagenes/Codigo-Aplicacion/4.png, id=102, 1371.1225pt x 770.88pt>
File: Imagenes/Codigo-Aplicacion/4.png Graphic file (type png)
<use Imagenes/Codigo-Aplicacion/4.png>
Package pdftex.def Info: Imagenes/Codigo-Aplicacion/4.png  used on input line 5
34.
(pdftex.def)             Requested size: 242.98541pt x 136.6116pt.

Underfull \hbox (badness 10000) in paragraph at lines 525--544

 []


Underfull \hbox (badness 10000) in paragraph at lines 525--544

 []


Underfull \hbox (badness 10000) in paragraph at lines 525--544

 []


Underfull \hbox (badness 10000) in paragraph at lines 525--544

 []


Underfull \vbox (badness 1590) has occurred while \output is active []

 [19 <./Imagenes/Codigo-Aplicacion/1.png> <./Imagenes/Codigo-Aplicacion/2.png>]
<Imagenes/Codigo-Aplicacion/5.png, id=110, 1371.1225pt x 770.88pt>
File: Imagenes/Codigo-Aplicacion/5.png Graphic file (type png)
<use Imagenes/Codigo-Aplicacion/5.png>
Package pdftex.def Info: Imagenes/Codigo-Aplicacion/5.png  used on input line 5
47.
(pdftex.def)             Requested size: 242.98541pt x 136.6116pt.
<Imagenes/Codigo-Aplicacion/6.png, id=111, 1371.1225pt x 770.88pt>
File: Imagenes/Codigo-Aplicacion/6.png Graphic file (type png)
<use Imagenes/Codigo-Aplicacion/6.png>
Package pdftex.def Info: Imagenes/Codigo-Aplicacion/6.png  used on input line 5
52.
(pdftex.def)             Requested size: 242.98541pt x 136.6116pt.
 [20 <./Imagenes/Codigo-Aplicacion/4.png>] [21 <./Imagenes/Codigo-Aplicacion/5.
png> <./Imagenes/Codigo-Aplicacion/6.png>]
Underfull \hbox (badness 10000) in paragraph at lines 561--574

 []


Underfull \hbox (badness 10000) in paragraph at lines 561--574

 []


Underfull \hbox (badness 10000) in paragraph at lines 561--574

 []


Underfull \hbox (badness 10000) in paragraph at lines 561--574

 []

[22] (template_Article.aux
LaTeX Info: Redefining \. on input line 8.
LaTeX Info: Redefining \% on input line 8.
) ) 
Here is how much of TeX's memory you used:
 4410 strings out of 478927
 67717 string characters out of 2852061
 384122 words of memory out of 3000000
 22218 multiletter control sequences out of 15000+600000
 407896 words of font info for 44 fonts, out of 8000000 for 9000
 1141 hyphenation exceptions out of 8191
 57i,7n,66p,1172b,361s stack positions out of 5000i,500n,10000p,200000b,80000s
 <C:\Users\Propia\AppData\Local\MiKTeX\fonts/pk/ljfour/jknappen/ec/dpi600\tc
rm1000.pk><C:/Users/Propia/AppData/Local/Programs/MiKTeX/fonts/type1/public/ams
fonts/cm/cmbx10.pfb><C:/Users/Propia/AppData/Local/Programs/MiKTeX/fonts/type1/
public/amsfonts/cm/cmbx12.pfb><C:/Users/Propia/AppData/Local/Programs/MiKTeX/fo
nts/type1/public/amsfonts/cm/cmbx9.pfb><C:/Users/Propia/AppData/Local/Programs/
MiKTeX/fonts/type1/public/amsfonts/cm/cmex10.pfb><C:/Users/Propia/AppData/Local
/Programs/MiKTeX/fonts/type1/public/amsfonts/cm/cmmi10.pfb><C:/Users/Propia/App
Data/Local/Programs/MiKTeX/fonts/type1/public/amsfonts/cm/cmmi7.pfb><C:/Users/P
ropia/AppData/Local/Programs/MiKTeX/fonts/type1/public/amsfonts/cm/cmr10.pfb><C
:/Users/Propia/AppData/Local/Programs/MiKTeX/fonts/type1/public/amsfonts/cm/cmr
7.pfb><C:/Users/Propia/AppData/Local/Programs/MiKTeX/fonts/type1/public/amsfont
s/cm/cmr9.pfb><C:/Users/Propia/AppData/Local/Programs/MiKTeX/fonts/type1/public
/amsfonts/cm/cmsy10.pfb>
Output written on template_Article.pdf (22 pages, 1650744 bytes).
PDF statistics:
 170 PDF objects out of 1000 (max. 8388607)
 0 named destinations out of 1000 (max. 500000)
 111 words of extra memory for PDF output out of 10000 (max. 10000000)

